g:\koulu\juce\juce\extras\audiopluginhost\builds\visualstudio2019\x64\debug\app\internalplugins.obj
g:\koulu\juce\juce\extras\audiopluginhost\builds\visualstudio2019\x64\debug\app\include_juce_events.obj
g:\koulu\juce\juce\extras\audiopluginhost\builds\visualstudio2019\x64\debug\app\include_juce_audio_basics.obj
g:\koulu\juce\juce\extras\audiopluginhost\builds\visualstudio2019\x64\debug\app\include_juce_cryptography.obj
g:\koulu\juce\juce\extras\audiopluginhost\builds\visualstudio2019\x64\debug\app\include_juce_gui_basics.obj
g:\koulu\juce\juce\extras\audiopluginhost\builds\visualstudio2019\x64\debug\app\include_juce_audio_utils.obj
g:\koulu\juce\juce\extras\audiopluginhost\builds\visualstudio2019\x64\debug\app\ioconfigurationwindow.obj
g:\koulu\juce\juce\extras\audiopluginhost\builds\visualstudio2019\x64\debug\app\include_juce_opengl.obj
g:\koulu\juce\juce\extras\audiopluginhost\builds\visualstudio2019\x64\debug\app\plugingraph.obj
g:\koulu\juce\juce\extras\audiopluginhost\builds\visualstudio2019\x64\debug\app\include_juce_gui_extra.obj
g:\koulu\juce\juce\extras\audiopluginhost\builds\visualstudio2019\x64\debug\app\mainhostwindow.obj
g:\koulu\juce\juce\extras\audiopluginhost\builds\visualstudio2019\x64\debug\app\include_juce_video.obj
g:\koulu\juce\juce\extras\audiopluginhost\builds\visualstudio2019\x64\debug\app\include_juce_audio_formats.obj
g:\koulu\juce\juce\extras\audiopluginhost\builds\visualstudio2019\x64\debug\app\include_juce_data_structures.obj
g:\koulu\juce\juce\extras\audiopluginhost\builds\visualstudio2019\x64\debug\app\include_juce_audio_processors.obj
g:\koulu\juce\juce\extras\audiopluginhost\builds\visualstudio2019\x64\debug\app\include_juce_audio_devices.obj
g:\koulu\juce\juce\extras\audiopluginhost\builds\visualstudio2019\x64\debug\app\binarydata.obj
g:\koulu\juce\juce\extras\audiopluginhost\builds\visualstudio2019\x64\debug\app\include_juce_core.obj
g:\koulu\juce\juce\extras\audiopluginhost\builds\visualstudio2019\x64\debug\app\grapheditorpanel.obj
g:\koulu\juce\juce\extras\audiopluginhost\builds\visualstudio2019\x64\debug\app\hoststartup.obj
g:\koulu\juce\juce\extras\audiopluginhost\builds\visualstudio2019\x64\debug\app\include_juce_graphics.obj
g:\teamrama\juce\extras\audiopluginhost\builds\visualstudio2019\x64\debug\app\binarydata.obj
g:\koulu\juce\juce\extras\audiopluginhost\builds\visualstudio2019\x64\debug\app\vc142.pdb
g:\koulu\juce\juce\extras\audiopluginhost\builds\visualstudio2019\x64\debug\app\audiopluginhost.ilk
g:\koulu\juce\juce\extras\audiopluginhost\builds\visualstudio2019\x64\debug\app\audiopluginhost.exe
g:\koulu\juce\juce\extras\audiopluginhost\builds\visualstudio2019\x64\debug\app\audiopluginhost.pdb
g:\koulu\juce\juce\extras\audiopluginhost\builds\visualstudio2019\x64\debug\app\resources.res
g:\koulu\juce\juce\extras\audiopluginhost\builds\visualstudio2019\x64\debug\app\audioplu.5666eaa2.tlog\cl.10380.write.1.tlog
g:\koulu\juce\juce\extras\audiopluginhost\builds\visualstudio2019\x64\debug\app\audioplu.5666eaa2.tlog\cl.command.1.tlog
g:\koulu\juce\juce\extras\audiopluginhost\builds\visualstudio2019\x64\debug\app\audioplu.5666eaa2.tlog\cl.read.1.tlog
g:\koulu\juce\juce\extras\audiopluginhost\builds\visualstudio2019\x64\debug\app\audioplu.5666eaa2.tlog\link.command.1.tlog
g:\koulu\juce\juce\extras\audiopluginhost\builds\visualstudio2019\x64\debug\app\audioplu.5666eaa2.tlog\link.read.1.tlog
g:\koulu\juce\juce\extras\audiopluginhost\builds\visualstudio2019\x64\debug\app\audioplu.5666eaa2.tlog\link.write.1.tlog
g:\koulu\juce\juce\extras\audiopluginhost\builds\visualstudio2019\x64\debug\app\audioplu.5666eaa2.tlog\rc.command.1.tlog
g:\koulu\juce\juce\extras\audiopluginhost\builds\visualstudio2019\x64\debug\app\audioplu.5666eaa2.tlog\rc.read.1.tlog
g:\koulu\juce\juce\extras\audiopluginhost\builds\visualstudio2019\x64\debug\app\audioplu.5666eaa2.tlog\rc.write.1.tlog
